2020-07-13 20:20:31.549  INFO 6659 --- [main] c.e.demo.SpringbootLoggingApplication    : Starting SpringbootLoggingApplication on geeta-Inspiron-3521 with PID 6659 (/home/geeta/Documents/workspace-sts-3.9.13.RELEASE/springboot-logging/target/classes started by geeta in /home/geeta/Documents/workspace-sts-3.9.13.RELEASE/springboot-logging)
2020-07-13 20:20:31.565 DEBUG 6659 --- [main] c.e.demo.SpringbootLoggingApplication    : Running with Spring Boot v2.3.1.RELEASE, Spring v5.2.7.RELEASE
2020-07-13 20:20:31.567  INFO 6659 --- [main] c.e.demo.SpringbootLoggingApplication    : No active profile set, falling back to default profiles: default
2020-07-13 20:20:33.213  INFO 6659 --- [main] o.s.b.w.embedded.tomcat.TomcatWebServer  : Tomcat initialized with port(s): 8080 (http)
2020-07-13 20:20:33.227  INFO 6659 --- [main] o.apache.catalina.core.StandardService   : Starting service [Tomcat]
2020-07-13 20:20:33.228  INFO 6659 --- [main] org.apache.catalina.core.StandardEngine  : Starting Servlet engine: [Apache Tomcat/9.0.36]
2020-07-13 20:20:33.314  INFO 6659 --- [main] o.a.c.c.C.[Tomcat].[localhost].[/]       : Initializing Spring embedded WebApplicationContext
2020-07-13 20:20:33.315  INFO 6659 --- [main] w.s.c.ServletWebServerApplicationContext : Root WebApplicationContext: initialization completed in 1660 ms
2020-07-13 20:20:33.605  INFO 6659 --- [main] o.s.s.concurrent.ThreadPoolTaskExecutor  : Initializing ExecutorService 'applicationTaskExecutor'
2020-07-13 20:20:33.919  INFO 6659 --- [main] o.s.b.w.embedded.tomcat.TomcatWebServer  : Tomcat started on port(s): 8080 (http) with context path ''
2020-07-13 20:20:33.941  INFO 6659 --- [main] c.e.demo.SpringbootLoggingApplication    : Started SpringbootLoggingApplication in 3.121 seconds (JVM running for 4.076)
2020-07-13 20:20:39.201  INFO 6659 --- [http-nio-8080-exec-1] o.a.c.c.C.[Tomcat].[localhost].[/]       : Initializing Spring DispatcherServlet 'dispatcherServlet'
2020-07-13 20:20:39.202  INFO 6659 --- [http-nio-8080-exec-1] o.s.web.servlet.DispatcherServlet        : Initializing Servlet 'dispatcherServlet'
2020-07-13 20:20:39.211  INFO 6659 --- [http-nio-8080-exec-1] o.s.web.servlet.DispatcherServlet        : Completed initialization in 9 ms
2020-07-13 20:20:39.249 ERROR 6659 --- [http-nio-8080-exec-1] c.e.demo.controller.HomeController       : Error occurred
2020-07-13 20:20:39.250 TRACE 6659 --- [http-nio-8080-exec-1] c.e.demo.controller.HomeController       : Error using trace
2020-07-13 21:31:04.700  INFO 6659 --- [RMI TCP Connection(79)-127.0.0.1] inMXBeanRegistrar$SpringApplicationAdmin : Application shutdown requested.
2020-07-13 21:31:05.603  INFO 6659 --- [RMI TCP Connection(79)-127.0.0.1] o.s.s.concurrent.ThreadPoolTaskExecutor  : Shutting down ExecutorService 'applicationTaskExecutor'
2020-07-13 21:44:17.913  INFO 10495 --- [main] c.e.demo.SpringbootLoggingApplication    : Starting SpringbootLoggingApplication on geeta-Inspiron-3521 with PID 10495 (/home/geeta/Documents/workspace-sts-3.9.13.RELEASE/springboot-logging/target/classes started by geeta in /home/geeta/Documents/workspace-sts-3.9.13.RELEASE/springboot-logging)
2020-07-13 21:44:17.928 DEBUG 10495 --- [main] c.e.demo.SpringbootLoggingApplication    : Running with Spring Boot v2.3.1.RELEASE, Spring v5.2.7.RELEASE
2020-07-13 21:44:17.929  INFO 10495 --- [main] c.e.demo.SpringbootLoggingApplication    : No active profile set, falling back to default profiles: default
2020-07-13 21:44:21.084  INFO 10495 --- [main] o.s.b.w.embedded.tomcat.TomcatWebServer  : Tomcat initialized with port(s): 8080 (http)
2020-07-13 21:44:21.119  INFO 10495 --- [main] o.apache.catalina.core.StandardService   : Starting service [Tomcat]
2020-07-13 21:44:21.120  INFO 10495 --- [main] org.apache.catalina.core.StandardEngine  : Starting Servlet engine: [Apache Tomcat/9.0.36]
2020-07-13 21:44:21.284  INFO 10495 --- [main] o.a.c.c.C.[Tomcat].[localhost].[/]       : Initializing Spring embedded WebApplicationContext
2020-07-13 21:44:21.286  INFO 10495 --- [main] w.s.c.ServletWebServerApplicationContext : Root WebApplicationContext: initialization completed in 3200 ms
2020-07-13 21:44:22.024  INFO 10495 --- [main] o.s.s.web.DefaultSecurityFilterChain     : Creating filter chain: any request, [org.springframework.security.web.context.request.async.WebAsyncManagerIntegrationFilter@72889280, org.springframework.security.web.context.SecurityContextPersistenceFilter@2f6bbeb0, org.springframework.security.web.header.HeaderWriterFilter@710b30ef, org.springframework.security.web.csrf.CsrfFilter@742d4e15, org.springframework.security.web.authentication.logout.LogoutFilter@68ace111, org.springframework.security.web.authentication.UsernamePasswordAuthenticationFilter@410e94e, org.springframework.security.web.authentication.ui.DefaultLoginPageGeneratingFilter@894858, org.springframework.security.web.authentication.ui.DefaultLogoutPageGeneratingFilter@606fc505, org.springframework.security.web.authentication.www.BasicAuthenticationFilter@5b69d40d, org.springframework.security.web.savedrequest.RequestCacheAwareFilter@18151a14, org.springframework.security.web.servletapi.SecurityContextHolderAwareRequestFilter@2ba45490, org.springframework.security.web.authentication.AnonymousAuthenticationFilter@4aa3d36, org.springframework.security.web.session.SessionManagementFilter@28b576a9, org.springframework.security.web.access.ExceptionTranslationFilter@53bf7094, org.springframework.security.web.access.intercept.FilterSecurityInterceptor@62d0ac62]
2020-07-13 21:44:22.391  INFO 10495 --- [main] o.s.s.concurrent.ThreadPoolTaskExecutor  : Initializing ExecutorService 'applicationTaskExecutor'
2020-07-13 21:44:22.857  INFO 10495 --- [main] o.s.b.w.embedded.tomcat.TomcatWebServer  : Tomcat started on port(s): 8080 (http) with context path ''
2020-07-13 21:44:22.911  INFO 10495 --- [main] c.e.demo.SpringbootLoggingApplication    : Started SpringbootLoggingApplication in 6.731 seconds (JVM running for 8.635)
2020-07-13 21:46:15.513  INFO 10495 --- [RMI TCP Connection(8)-127.0.0.1] inMXBeanRegistrar$SpringApplicationAdmin : Application shutdown requested.
2020-07-13 21:46:15.634  INFO 10495 --- [RMI TCP Connection(8)-127.0.0.1] o.s.s.concurrent.ThreadPoolTaskExecutor  : Shutting down ExecutorService 'applicationTaskExecutor'
2020-07-13 21:46:20.647  INFO 10890 --- [main] c.e.demo.SpringbootLoggingApplication    : Starting SpringbootLoggingApplication on geeta-Inspiron-3521 with PID 10890 (/home/geeta/Documents/workspace-sts-3.9.13.RELEASE/springboot-logging/target/classes started by geeta in /home/geeta/Documents/workspace-sts-3.9.13.RELEASE/springboot-logging)
2020-07-13 21:46:20.652 DEBUG 10890 --- [main] c.e.demo.SpringbootLoggingApplication    : Running with Spring Boot v2.3.1.RELEASE, Spring v5.2.7.RELEASE
2020-07-13 21:46:20.653  INFO 10890 --- [main] c.e.demo.SpringbootLoggingApplication    : No active profile set, falling back to default profiles: default
2020-07-13 21:46:23.096  INFO 10890 --- [main] o.s.b.w.embedded.tomcat.TomcatWebServer  : Tomcat initialized with port(s): 8080 (http)
2020-07-13 21:46:23.120  INFO 10890 --- [main] o.apache.catalina.core.StandardService   : Starting service [Tomcat]
2020-07-13 21:46:23.121  INFO 10890 --- [main] org.apache.catalina.core.StandardEngine  : Starting Servlet engine: [Apache Tomcat/9.0.36]
2020-07-13 21:46:23.260  INFO 10890 --- [main] o.a.c.c.C.[Tomcat].[localhost].[/]       : Initializing Spring embedded WebApplicationContext
2020-07-13 21:46:23.261  INFO 10890 --- [main] w.s.c.ServletWebServerApplicationContext : Root WebApplicationContext: initialization completed in 2526 ms
2020-07-13 21:46:23.797  INFO 10890 --- [main] o.s.s.web.DefaultSecurityFilterChain     : Creating filter chain: any request, [org.springframework.security.web.context.request.async.WebAsyncManagerIntegrationFilter@6c000e0c, org.springframework.security.web.context.SecurityContextPersistenceFilter@181d7f28, org.springframework.security.web.header.HeaderWriterFilter@4010d494, org.springframework.security.web.csrf.CsrfFilter@37ff4054, org.springframework.security.web.authentication.logout.LogoutFilter@867ba60, org.springframework.security.web.authentication.UsernamePasswordAuthenticationFilter@57f64f5e, org.springframework.security.web.authentication.ui.DefaultLoginPageGeneratingFilter@2617f816, org.springframework.security.web.authentication.ui.DefaultLogoutPageGeneratingFilter@5f233b26, org.springframework.security.web.authentication.www.BasicAuthenticationFilter@bf71cec, org.springframework.security.web.savedrequest.RequestCacheAwareFilter@2fb69ff6, org.springframework.security.web.servletapi.SecurityContextHolderAwareRequestFilter@27f3b6d6, org.springframework.security.web.authentication.AnonymousAuthenticationFilter@44f9779c, org.springframework.security.web.session.SessionManagementFilter@4943defe, org.springframework.security.web.access.ExceptionTranslationFilter@6df20ade, org.springframework.security.web.access.intercept.FilterSecurityInterceptor@253c1256]
2020-07-13 21:46:24.119  INFO 10890 --- [main] o.s.s.concurrent.ThreadPoolTaskExecutor  : Initializing ExecutorService 'applicationTaskExecutor'
2020-07-13 21:46:24.499  INFO 10890 --- [main] o.s.b.w.embedded.tomcat.TomcatWebServer  : Tomcat started on port(s): 8080 (http) with context path ''
2020-07-13 21:46:24.526  INFO 10890 --- [main] c.e.demo.SpringbootLoggingApplication    : Started SpringbootLoggingApplication in 4.711 seconds (JVM running for 5.771)
2020-07-13 21:47:21.098  INFO 10890 --- [http-nio-8080-exec-1] o.a.c.c.C.[Tomcat].[localhost].[/]       : Initializing Spring DispatcherServlet 'dispatcherServlet'
2020-07-13 21:47:21.099  INFO 10890 --- [http-nio-8080-exec-1] o.s.web.servlet.DispatcherServlet        : Initializing Servlet 'dispatcherServlet'
2020-07-13 21:47:21.114  INFO 10890 --- [http-nio-8080-exec-1] o.s.web.servlet.DispatcherServlet        : Completed initialization in 14 ms
2020-07-13 21:47:30.673 ERROR 10890 --- [http-nio-8080-exec-4] c.e.demo.controller.HomeController       : Error occurred
2020-07-13 21:47:30.673 TRACE 10890 --- [http-nio-8080-exec-4] c.e.demo.controller.HomeController       : Error using trace
2020-07-13 21:47:34.527 ERROR 10890 --- [http-nio-8080-exec-5] c.e.demo.controller.HomeController       : Error occurred
2020-07-13 21:47:34.527 TRACE 10890 --- [http-nio-8080-exec-5] c.e.demo.controller.HomeController       : Error using trace
2020-07-13 21:47:36.950 ERROR 10890 --- [http-nio-8080-exec-6] c.e.demo.controller.HomeController       : Error occurred
2020-07-13 21:47:36.951 TRACE 10890 --- [http-nio-8080-exec-6] c.e.demo.controller.HomeController       : Error using trace
2020-07-13 21:52:18.830  INFO 10890 --- [RMI TCP Connection(16)-127.0.0.1] inMXBeanRegistrar$SpringApplicationAdmin : Application shutdown requested.
2020-07-13 21:52:18.875  INFO 10890 --- [RMI TCP Connection(16)-127.0.0.1] o.s.s.concurrent.ThreadPoolTaskExecutor  : Shutting down ExecutorService 'applicationTaskExecutor'
